#
# A fatal error has been detected by the Java Runtime Environment:
#
#  SIGSEGV (0xb) at pc=0x00007f77c9b1b9db, pid=97013, tid=97019
#
# JRE version: OpenJDK Runtime Environment Corretto-16.0.2.7.1 (16.0.2+7) (build 16.0.2+7)
# Java VM: OpenJDK 64-Bit Server VM Corretto-16.0.2.7.1 (16.0.2+7, mixed mode, sharing, tiered, compressed oops, compressed class ptrs, g1 gc, linux-amd64)
# Problematic frame:
# V  [libjvm.so+0xf1b9db]  Unsafe_PutByte+0x14b
#
# Core dump will be written. Default location: Core dumps may be processed with "/usr/lib/systemd/systemd-coredump %P %u %g %s %t %c %h" (or dumping to /home/kamil/IdeaProjects/Unsafe/core.97013)
#
# If you would like to submit a bug report, please visit:
#   https://github.com/corretto/corretto-jdk/issues/
#

---------------  S U M M A R Y ------------

Command Line: -Dfile.encoding=UTF-8 -Duser.country=RU -Duser.language=ru -Duser.variant Main

Host: Intel(R) Core(TM) i5-10210U CPU @ 1.60GHz, 8 cores, 15G, Manjaro Linux
Time: Sun Dec  4 20:47:54 2022 MSK elapsed time: 0.126783 seconds (0d 0h 0m 0s)

---------------  T H R E A D  ---------------

Current thread (0x00007f77c4022a10):  JavaThread "main" [_thread_in_vm, id=97019, stack(0x00007f77ca2f6000,0x00007f77ca3f6000)]

Stack: [0x00007f77ca2f6000,0x00007f77ca3f6000],  sp=0x00007f77ca3f4650,  free space=1017k
Native frames: (J=compiled Java code, A=aot compiled Java code, j=interpreted, Vv=VM code, C=native code)
V  [libjvm.so+0xf1b9db]  Unsafe_PutByte+0x14b
j  jdk.internal.misc.Unsafe.putByte(Ljava/lang/Object;JB)V+0 java.base@16.0.2
j  jdk.internal.misc.Unsafe.putByte(JB)V+4 java.base@16.0.2
j  sun.misc.Unsafe.putByte(JB)V+5 jdk.unsupported@16.0.2
j  OffHeapArray.set(JB)V+13
j  Main.main([Ljava/lang/String;)V+95
v  ~StubRoutines::call_stub
V  [libjvm.so+0x8647e5]  JavaCalls::call_helper(JavaValue*, methodHandle const&, JavaCallArguments*, Thread*)+0x375
V  [libjvm.so+0x8fbf4f]  jni_invoke_static(JNIEnv_*, JavaValue*, _jobject*, JNICallType, _jmethodID*, JNI_ArgumentPusher*, Thread*) [clone .isra.120] [clone .constprop.303]+0x15f
V  [libjvm.so+0x8fe06f]  jni_CallStaticVoidMethod+0x12f
C  [libjli.so+0xae0d]  JavaMain+0xd5d
C  [libjli.so+0xddc9]  ThreadJavaMain+0x9

Java frames: (J=compiled Java code, j=interpreted, Vv=VM code)
j  jdk.internal.misc.Unsafe.putByte(Ljava/lang/Object;JB)V+0 java.base@16.0.2
j  jdk.internal.misc.Unsafe.putByte(JB)V+4 java.base@16.0.2
j  sun.misc.Unsafe.putByte(JB)V+5 jdk.unsupported@16.0.2
j  OffHeapArray.set(JB)V+13
j  Main.main([Ljava/lang/String;)V+95
v  ~StubRoutines::call_stub

siginfo: si_signo: 11 (SIGSEGV), si_code: 1 (SEGV_MAPERR), si_addr: 0x000000007fffffff

Register to memory mapping:

RAX=0x0 is NULL
RBX=0x00007f77c4022a10 is a thread
RCX=0x000000007fffffff is an unknown value
RDX=0x00007f77c909bc50: <offset 0x000000000049bc50> in /home/kamil/.jdks/corretto-16.0.2/lib/server/libjvm.so at 0x00007f77c8c00000
RSP=0x00007f77ca3f4650 is pointing into the stack for thread: 0x00007f77c4022a10
RBP=0x00007f77ca3f4670 is pointing into the stack for thread: 0x00007f77c4022a10
RSI=0x00007f77ca3f4738 is pointing into the stack for thread: 0x00007f77c4022a10
RDI=0x00007f77c4022d20 points into unknown readable memory: 0x00007f77ca176240 | 40 62 17 ca 77 7f 00 00
R8 =0x00000000ffffffac is an unknown value
R9 =0x0000000000000002 is an unknown value
R10=0x00007f77ac5b3c4c is at code_begin+876 in an Interpreter codelet
method entry point (kind = native)  [0x00007f77ac5b38e0, 0x00007f77ac5b41a0]  2240 bytes
R11=0x0000000000000101 is an unknown value
R12=0x0 is NULL
R13=0x000000007fffffff is an unknown value
R14=0x00000000ffffffac is an unknown value
R15=0x00007f77c4022a10 is a thread


Registers:
RAX=0x0000000000000000, RBX=0x00007f77c4022a10, RCX=0x000000007fffffff, RDX=0x00007f77c909bc50
RSP=0x00007f77ca3f4650, RBP=0x00007f77ca3f4670, RSI=0x00007f77ca3f4738, RDI=0x00007f77c4022d20
R8 =0x00000000ffffffac, R9 =0x0000000000000002, R10=0x00007f77ac5b3c4c, R11=0x0000000000000101
R12=0x0000000000000000, R13=0x000000007fffffff, R14=0x00000000ffffffac, R15=0x00007f77c4022a10
RIP=0x00007f77c9b1b9db, EFLAGS=0x0000000000010246, CSGSFS=0x002b000000000033, ERR=0x0000000000000006
  TRAPNO=0x000000000000000e

Top of Stack: (sp=0x00007f77ca3f4650)
0x00007f77ca3f4650:   00000008003fe4a8 0000000000000000
0x00007f77ca3f4660:   0000000800b33a98 00007f77ca3f4738
0x00007f77ca3f4670:   00007f77ca3f46f8 00007f77ac5b3c7b
0x00007f77ca3f4680:   0000000000000000 0000000800b33a98 

Instructions: (pc=0x00007f77c9b1b9db)
0x00007f77c9b1b8db:   03 58 ff 48 8b 40 40 48 39 d0 0f 85 05 01 00 00
0x00007f77c9b1b8eb:   48 8b 83 18 01 00 00 83 e0 01 84 c0 75 0d 8b 83
0x00007f77c9b1b8fb:   e8 00 00 00 a9 0c 00 00 20 74 08 48 89 df e8 c2
0x00007f77c9b1b90b:   e3 fc ff 4d 85 e4 c7 83 80 03 00 00 06 00 00 00
0x00007f77c9b1b91b:   0f 84 b3 00 00 00 41 f6 c4 01 0f 85 95 00 00 00
0x00007f77c9b1b92b:   4c 89 e7 ff 15 d4 46 65 00 48 85 c0 0f 84 97 00
0x00007f77c9b1b93b:   00 00 46 88 34 28 4c 8b a3 00 01 00 00 49 8b 44
0x00007f77c9b1b94b:   24 10 48 83 38 00 74 0d 4c 89 e7 e8 95 d7 8c ff
0x00007f77c9b1b95b:   49 8b 44 24 10 49 8b 54 24 08 48 89 42 10 49 8b
0x00007f77c9b1b96b:   44 24 08 49 8b 54 24 18 48 89 50 18 49 8b 44 24
0x00007f77c9b1b97b:   08 49 8b 54 24 20 48 89 50 20 c7 83 80 03 00 00
0x00007f77c9b1b98b:   07 00 00 00 f0 83 04 24 00 48 8b 83 18 01 00 00
0x00007f77c9b1b99b:   a8 01 74 08 48 89 df e8 69 59 df ff c7 83 80 03
0x00007f77c9b1b9ab:   00 00 04 00 00 00 5b 41 5c 41 5d 41 5e 5d c3 66
0x00007f77c9b1b9bb:   0f 1f 44 00 00 49 8d 7c 24 ff ff 15 05 86 65 00
0x00007f77c9b1b9cb:   48 85 c0 0f 85 69 ff ff ff c6 83 a4 03 00 00 01
0x00007f77c9b1b9db:   45 88 75 00 c6 83 a4 03 00 00 00 e9 56 ff ff ff
0x00007f77c9b1b9eb:   0f 1f 44 00 00 48 89 df ff d0 84 c0 0f 85 ee fe
0x00007f77c9b1b9fb:   ff ff 48 8d 05 98 ae 6b 00 8b 00 85 c0 0f 95 c0
0x00007f77c9b1ba0b:   e9 e5 fe ff ff 55 48 89 e5 41 56 41 55 41 54 53
0x00007f77c9b1ba1b:   48 8d 9f f0 fc ff ff 49 89 d4 49 89 ce 66 41 0f
0x00007f77c9b1ba2b:   7e c5 8b 83 98 03 00 00 2d ab de 00 00 83 f8 01
0x00007f77c9b1ba3b:   76 0a 48 89 df 31 db e8 c9 8a fc ff c7 83 80 03
0x00007f77c9b1ba4b:   00 00 05 00 00 00 f0 83 04 24 00 48 8b 03 48 8d
0x00007f77c9b1ba5b:   15 f0 01 58 ff 48 8b 40 40 48 39 d0 0f 85 03 01
0x00007f77c9b1ba6b:   00 00 48 8b 83 18 01 00 00 83 e0 01 84 c0 75 0d
0x00007f77c9b1ba7b:   8b 83 e8 00 00 00 a9 0c 00 00 20 74 08 48 89 df
0x00007f77c9b1ba8b:   e8 40 e2 fc ff 4d 85 e4 c7 83 80 03 00 00 06 00
0x00007f77c9b1ba9b:   00 00 0f 84 b1 00 00 00 41 f6 c4 01 0f 85 93 00
0x00007f77c9b1baab:   00 00 4c 89 e7 ff 15 52 45 65 00 48 85 c0 0f 84
0x00007f77c9b1babb:   95 00 00 00 4c 01 f0 44 89 ea 87 10 4c 8b a3 00
0x00007f77c9b1bacb:   01 00 00 49 8b 44 24 10 48 83 38 00 74 0d 4c 89 


Stack slot to memory mapping:
stack at sp + 0 slots: {method} {0x00000008003fe4a8} 'putByte' '(Ljava/lang/Object;JB)V' in 'jdk/internal/misc/Unsafe'
stack at sp + 1 slots: 0x0 is NULL
stack at sp + 2 slots: 0x0000000800b33a98 is pointing into metadata
stack at sp + 3 slots: 0x00007f77ca3f4738 is pointing into the stack for thread: 0x00007f77c4022a10
stack at sp + 4 slots: 0x00007f77ca3f46f8 is pointing into the stack for thread: 0x00007f77c4022a10
stack at sp + 5 slots: 0x00007f77ac5b3c7b is at code_begin+923 in an Interpreter codelet
method entry point (kind = native)  [0x00007f77ac5b38e0, 0x00007f77ac5b41a0]  2240 bytes
stack at sp + 6 slots: 0x0 is NULL
stack at sp + 7 slots: 0x0000000800b33a98 is pointing into metadata


---------------  P R O C E S S  ---------------

Threads class SMR info:
_java_thread_list=0x00007f77c4198860, length=11, elements={
0x00007f77c4022a10, 0x00007f77c4175540, 0x00007f77c4176ac0, 0x00007f77c417b160,
0x00007f77c417c6b0, 0x00007f77c417dbd0, 0x00007f77c417f6b0, 0x00007f77c4180d10,
0x00007f77c418a2a0, 0x00007f77c4191730, 0x00007f77c41977a0
}

Java Threads: ( => current thread )
=>0x00007f77c4022a10 JavaThread "main" [_thread_in_vm, id=97019, stack(0x00007f77ca2f6000,0x00007f77ca3f6000)]
  0x00007f77c4175540 JavaThread "Reference Handler" daemon [_thread_blocked, id=97026, stack(0x00007f77a006b000,0x00007f77a016b000)]
  0x00007f77c4176ac0 JavaThread "Finalizer" daemon [_thread_blocked, id=97027, stack(0x00007f778b700000,0x00007f778b800000)]
  0x00007f77c417b160 JavaThread "Signal Dispatcher" daemon [_thread_blocked, id=97028, stack(0x00007f778b316000,0x00007f778b416000)]
  0x00007f77c417c6b0 JavaThread "Service Thread" daemon [_thread_blocked, id=97029, stack(0x00007f778b216000,0x00007f778b316000)]
  0x00007f77c417dbd0 JavaThread "Monitor Deflation Thread" daemon [_thread_blocked, id=97030, stack(0x00007f778b116000,0x00007f778b216000)]
  0x00007f77c417f6b0 JavaThread "C2 CompilerThread0" daemon [_thread_blocked, id=97031, stack(0x00007f778b016000,0x00007f778b116000)]
  0x00007f77c4180d10 JavaThread "C1 CompilerThread0" daemon [_thread_blocked, id=97032, stack(0x00007f778af16000,0x00007f778b016000)]
  0x00007f77c418a2a0 JavaThread "Sweeper thread" daemon [_thread_blocked, id=97033, stack(0x00007f778ae16000,0x00007f778af16000)]
  0x00007f77c4191730 JavaThread "Notification Thread" daemon [_thread_blocked, id=97034, stack(0x00007f778ad16000,0x00007f778ae16000)]
  0x00007f77c41977a0 JavaThread "Common-Cleaner" daemon [_thread_blocked, id=97036, stack(0x00007f778ab14000,0x00007f778ac14000)]

Other Threads:
  0x00007f77c4172f80 VMThread "VM Thread" [stack: 0x00007f77a016d000,0x00007f77a026d000] [id=97025]
  0x00007f77c4193200 WatcherThread [stack: 0x00007f778ac16000,0x00007f778ad16000] [id=97035]
  0x00007f77c40728b0 GCTaskThread "GC Thread#0" [stack: 0x00007f77a2e7f000,0x00007f77a2f7f000] [id=97020]
  0x00007f77c4083630 ConcurrentGCThread "G1 Main Marker" [stack: 0x00007f77a2d7d000,0x00007f77a2e7d000] [id=97021]
  0x00007f77c40846c0 ConcurrentGCThread "G1 Conc#0" [stack: 0x00007f77a2c7b000,0x00007f77a2d7b000] [id=97022]
  0x00007f77c4139100 ConcurrentGCThread "G1 Refine#0" [stack: 0x00007f77a0371000,0x00007f77a0471000] [id=97023]
  0x00007f77c413a120 ConcurrentGCThread "G1 Service" [stack: 0x00007f77a026f000,0x00007f77a036f000] [id=97024]

Threads with active compile tasks:

VM state: not at safepoint (normal execution)

VM Mutex/Monitor currently owned by a thread: None

Heap address: 0x0000000709e00000, size: 3938 MB, Compressed Oops mode: Zero based, Oop shift amount: 3

CDS archive(s) mapped at: [0x0000000800000000-0x0000000800bf7000-0x0000000800bf7000), size 12546048, SharedBaseAddress: 0x0000000800000000, ArchiveRelocationMode: 0.
Compressed class space mapped at: 0x0000000800c00000-0x0000000840c00000, reserved size: 1073741824
Narrow klass base: 0x0000000800000000, Narrow klass shift: 3, Narrow klass range: 0x100000000

GC Precious Log:
 CPUs: 8 total, 8 available
 Memory: 15746M
 Large Page Support: Disabled
 NUMA Support: Disabled
 Compressed Oops: Enabled (Zero based)
 Heap Region Size: 2M
 Heap Min Capacity: 8M
 Heap Initial Capacity: 248M
 Heap Max Capacity: 3938M
 Pre-touch: Disabled
 Parallel Workers: 8
 Concurrent Workers: 2
 Concurrent Refinement Workers: 8
 Periodic GC: Disabled

Heap:
 garbage-first heap   total 258048K, used 2040K [0x0000000709e00000, 0x0000000800000000)
  region size 2048K, 1 young (2048K), 0 survivors (0K)
 Metaspace       used 994K, committed 1216K, reserved 1056768K
  class space    used 80K, committed 192K, reserved 1048576K

Heap Regions: E=young(eden), S=young(survivor), O=old, HS=humongous(starts), HC=humongous(continues), CS=collection set, F=free, OA=open archive, CA=closed archive, TAMS=top-at-mark-start (previous, next)
|   0|0x0000000709e00000, 0x0000000709e00000, 0x000000070a000000|  0%| F|  |TAMS 0x0000000709e00000, 0x0000000709e00000| Untracked 
|   1|0x000000070a000000, 0x000000070a000000, 0x000000070a200000|  0%| F|  |TAMS 0x000000070a000000, 0x000000070a000000| Untracked 
|   2|0x000000070a200000, 0x000000070a200000, 0x000000070a400000|  0%| F|  |TAMS 0x000000070a200000, 0x000000070a200000| Untracked 
|   3|0x000000070a400000, 0x000000070a400000, 0x000000070a600000|  0%| F|  |TAMS 0x000000070a400000, 0x000000070a400000| Untracked 
|   4|0x000000070a600000, 0x000000070a600000, 0x000000070a800000|  0%| F|  |TAMS 0x000000070a600000, 0x000000070a600000| Untracked 
|   5|0x000000070a800000, 0x000000070a800000, 0x000000070aa00000|  0%| F|  |TAMS 0x000000070a800000, 0x000000070a800000| Untracked 
|   6|0x000000070aa00000, 0x000000070aa00000, 0x000000070ac00000|  0%| F|  |TAMS 0x000000070aa00000, 0x000000070aa00000| Untracked 
|   7|0x000000070ac00000, 0x000000070ac00000, 0x000000070ae00000|  0%| F|  |TAMS 0x000000070ac00000, 0x000000070ac00000| Untracked 
|   8|0x000000070ae00000, 0x000000070ae00000, 0x000000070b000000|  0%| F|  |TAMS 0x000000070ae00000, 0x000000070ae00000| Untracked 
|   9|0x000000070b000000, 0x000000070b000000, 0x000000070b200000|  0%| F|  |TAMS 0x000000070b000000, 0x000000070b000000| Untracked 
|  10|0x000000070b200000, 0x000000070b200000, 0x000000070b400000|  0%| F|  |TAMS 0x000000070b200000, 0x000000070b200000| Untracked 
|  11|0x000000070b400000, 0x000000070b400000, 0x000000070b600000|  0%| F|  |TAMS 0x000000070b400000, 0x000000070b400000| Untracked 
|  12|0x000000070b600000, 0x000000070b600000, 0x000000070b800000|  0%| F|  |TAMS 0x000000070b600000, 0x000000070b600000| Untracked 
|  13|0x000000070b800000, 0x000000070b800000, 0x000000070ba00000|  0%| F|  |TAMS 0x000000070b800000, 0x000000070b800000| Untracked 
|  14|0x000000070ba00000, 0x000000070ba00000, 0x000000070bc00000|  0%| F|  |TAMS 0x000000070ba00000, 0x000000070ba00000| Untracked 
|  15|0x000000070bc00000, 0x000000070bc00000, 0x000000070be00000|  0%| F|  |TAMS 0x000000070bc00000, 0x000000070bc00000| Untracked 
|  16|0x000000070be00000, 0x000000070be00000, 0x000000070c000000|  0%| F|  |TAMS 0x000000070be00000, 0x000000070be00000| Untracked 
|  17|0x000000070c000000, 0x000000070c000000, 0x000000070c200000|  0%| F|  |TAMS 0x000000070c000000, 0x000000070c000000| Untracked 
|  18|0x000000070c200000, 0x000000070c200000, 0x000000070c400000|  0%| F|  |TAMS 0x000000070c200000, 0x000000070c200000| Untracked 
|  19|0x000000070c400000, 0x000000070c400000, 0x000000070c600000|  0%| F|  |TAMS 0x000000070c400000, 0x000000070c400000| Untracked 
|  20|0x000000070c600000, 0x000000070c600000, 0x000000070c800000|  0%| F|  |TAMS 0x000000070c600000, 0x000000070c600000| Untracked 
|  21|0x000000070c800000, 0x000000070c800000, 0x000000070ca00000|  0%| F|  |TAMS 0x000000070c800000, 0x000000070c800000| Untracked 
|  22|0x000000070ca00000, 0x000000070ca00000, 0x000000070cc00000|  0%| F|  |TAMS 0x000000070ca00000, 0x000000070ca00000| Untracked 
|  23|0x000000070cc00000, 0x000000070cc00000, 0x000000070ce00000|  0%| F|  |TAMS 0x000000070cc00000, 0x000000070cc00000| Untracked 
|  24|0x000000070ce00000, 0x000000070ce00000, 0x000000070d000000|  0%| F|  |TAMS 0x000000070ce00000, 0x000000070ce00000| Untracked 
|  25|0x000000070d000000, 0x000000070d000000, 0x000000070d200000|  0%| F|  |TAMS 0x000000070d000000, 0x000000070d000000| Untracked 
|  26|0x000000070d200000, 0x000000070d200000, 0x000000070d400000|  0%| F|  |TAMS 0x000000070d200000, 0x000000070d200000| Untracked 
|  27|0x000000070d400000, 0x000000070d400000, 0x000000070d600000|  0%| F|  |TAMS 0x000000070d400000, 0x000000070d400000| Untracked 
|  28|0x000000070d600000, 0x000000070d600000, 0x000000070d800000|  0%| F|  |TAMS 0x000000070d600000, 0x000000070d600000| Untracked 
|  29|0x000000070d800000, 0x000000070d800000, 0x000000070da00000|  0%| F|  |TAMS 0x000000070d800000, 0x000000070d800000| Untracked 
|  30|0x000000070da00000, 0x000000070da00000, 0x000000070dc00000|  0%| F|  |TAMS 0x000000070da00000, 0x000000070da00000| Untracked 
|  31|0x000000070dc00000, 0x000000070dc00000, 0x000000070de00000|  0%| F|  |TAMS 0x000000070dc00000, 0x000000070dc00000| Untracked 
|  32|0x000000070de00000, 0x000000070de00000, 0x000000070e000000|  0%| F|  |TAMS 0x000000070de00000, 0x000000070de00000| Untracked 
|  33|0x000000070e000000, 0x000000070e000000, 0x000000070e200000|  0%| F|  |TAMS 0x000000070e000000, 0x000000070e000000| Untracked 
|  34|0x000000070e200000, 0x000000070e200000, 0x000000070e400000|  0%| F|  |TAMS 0x000000070e200000, 0x000000070e200000| Untracked 
|  35|0x000000070e400000, 0x000000070e400000, 0x000000070e600000|  0%| F|  |TAMS 0x000000070e400000, 0x000000070e400000| Untracked 
|  36|0x000000070e600000, 0x000000070e600000, 0x000000070e800000|  0%| F|  |TAMS 0x000000070e600000, 0x000000070e600000| Untracked 
|  37|0x000000070e800000, 0x000000070e800000, 0x000000070ea00000|  0%| F|  |TAMS 0x000000070e800000, 0x000000070e800000| Untracked 
|  38|0x000000070ea00000, 0x000000070ea00000, 0x000000070ec00000|  0%| F|  |TAMS 0x000000070ea00000, 0x000000070ea00000| Untracked 
|  39|0x000000070ec00000, 0x000000070ec00000, 0x000000070ee00000|  0%| F|  |TAMS 0x000000070ec00000, 0x000000070ec00000| Untracked 
|  40|0x000000070ee00000, 0x000000070ee00000, 0x000000070f000000|  0%| F|  |TAMS 0x000000070ee00000, 0x000000070ee00000| Untracked 
|  41|0x000000070f000000, 0x000000070f000000, 0x000000070f200000|  0%| F|  |TAMS 0x000000070f000000, 0x000000070f000000| Untracked 
|  42|0x000000070f200000, 0x000000070f200000, 0x000000070f400000|  0%| F|  |TAMS 0x000000070f200000, 0x000000070f200000| Untracked 
|  43|0x000000070f400000, 0x000000070f400000, 0x000000070f600000|  0%| F|  |TAMS 0x000000070f400000, 0x000000070f400000| Untracked 
|  44|0x000000070f600000, 0x000000070f600000, 0x000000070f800000|  0%| F|  |TAMS 0x000000070f600000, 0x000000070f600000| Untracked 
|  45|0x000000070f800000, 0x000000070f800000, 0x000000070fa00000|  0%| F|  |TAMS 0x000000070f800000, 0x000000070f800000| Untracked 
|  46|0x000000070fa00000, 0x000000070fa00000, 0x000000070fc00000|  0%| F|  |TAMS 0x000000070fa00000, 0x000000070fa00000| Untracked 
|  47|0x000000070fc00000, 0x000000070fc00000, 0x000000070fe00000|  0%| F|  |TAMS 0x000000070fc00000, 0x000000070fc00000| Untracked 
|  48|0x000000070fe00000, 0x000000070fe00000, 0x0000000710000000|  0%| F|  |TAMS 0x000000070fe00000, 0x000000070fe00000| Untracked 
|  49|0x0000000710000000, 0x0000000710000000, 0x0000000710200000|  0%| F|  |TAMS 0x0000000710000000, 0x0000000710000000| Untracked 
|  50|0x0000000710200000, 0x0000000710200000, 0x0000000710400000|  0%| F|  |TAMS 0x0000000710200000, 0x0000000710200000| Untracked 
|  51|0x0000000710400000, 0x0000000710400000, 0x0000000710600000|  0%| F|  |TAMS 0x0000000710400000, 0x0000000710400000| Untracked 
|  52|0x0000000710600000, 0x0000000710600000, 0x0000000710800000|  0%| F|  |TAMS 0x0000000710600000, 0x0000000710600000| Untracked 
|  53|0x0000000710800000, 0x0000000710800000, 0x0000000710a00000|  0%| F|  |TAMS 0x0000000710800000, 0x0000000710800000| Untracked 
|  54|0x0000000710a00000, 0x0000000710a00000, 0x0000000710c00000|  0%| F|  |TAMS 0x0000000710a00000, 0x0000000710a00000| Untracked 
|  55|0x0000000710c00000, 0x0000000710c00000, 0x0000000710e00000|  0%| F|  |TAMS 0x0000000710c00000, 0x0000000710c00000| Untracked 
|  56|0x0000000710e00000, 0x0000000710e00000, 0x0000000711000000|  0%| F|  |TAMS 0x0000000710e00000, 0x0000000710e00000| Untracked 
|  57|0x0000000711000000, 0x0000000711000000, 0x0000000711200000|  0%| F|  |TAMS 0x0000000711000000, 0x0000000711000000| Untracked 
|  58|0x0000000711200000, 0x0000000711200000, 0x0000000711400000|  0%| F|  |TAMS 0x0000000711200000, 0x0000000711200000| Untracked 
|  59|0x0000000711400000, 0x0000000711400000, 0x0000000711600000|  0%| F|  |TAMS 0x0000000711400000, 0x0000000711400000| Untracked 
|  60|0x0000000711600000, 0x0000000711600000, 0x0000000711800000|  0%| F|  |TAMS 0x0000000711600000, 0x0000000711600000| Untracked 
|  61|0x0000000711800000, 0x0000000711800000, 0x0000000711a00000|  0%| F|  |TAMS 0x0000000711800000, 0x0000000711800000| Untracked 
|  62|0x0000000711a00000, 0x0000000711a00000, 0x0000000711c00000|  0%| F|  |TAMS 0x0000000711a00000, 0x0000000711a00000| Untracked 
|  63|0x0000000711c00000, 0x0000000711c00000, 0x0000000711e00000|  0%| F|  |TAMS 0x0000000711c00000, 0x0000000711c00000| Untracked 
|  64|0x0000000711e00000, 0x0000000711e00000, 0x0000000712000000|  0%| F|  |TAMS 0x0000000711e00000, 0x0000000711e00000| Untracked 
|  65|0x0000000712000000, 0x0000000712000000, 0x0000000712200000|  0%| F|  |TAMS 0x0000000712000000, 0x0000000712000000| Untracked 
|  66|0x0000000712200000, 0x0000000712200000, 0x0000000712400000|  0%| F|  |TAMS 0x0000000712200000, 0x0000000712200000| Untracked 
|  67|0x0000000712400000, 0x0000000712400000, 0x0000000712600000|  0%| F|  |TAMS 0x0000000712400000, 0x0000000712400000| Untracked 
|  68|0x0000000712600000, 0x0000000712600000, 0x0000000712800000|  0%| F|  |TAMS 0x0000000712600000, 0x0000000712600000| Untracked 
|  69|0x0000000712800000, 0x0000000712800000, 0x0000000712a00000|  0%| F|  |TAMS 0x0000000712800000, 0x0000000712800000| Untracked 
|  70|0x0000000712a00000, 0x0000000712a00000, 0x0000000712c00000|  0%| F|  |TAMS 0x0000000712a00000, 0x0000000712a00000| Untracked 
|  71|0x0000000712c00000, 0x0000000712c00000, 0x0000000712e00000|  0%| F|  |TAMS 0x0000000712c00000, 0x0000000712c00000| Untracked 
|  72|0x0000000712e00000, 0x0000000712e00000, 0x0000000713000000|  0%| F|  |TAMS 0x0000000712e00000, 0x0000000712e00000| Untracked 
|  73|0x0000000713000000, 0x0000000713000000, 0x0000000713200000|  0%| F|  |TAMS 0x0000000713000000, 0x0000000713000000| Untracked 
|  74|0x0000000713200000, 0x0000000713200000, 0x0000000713400000|  0%| F|  |TAMS 0x0000000713200000, 0x0000000713200000| Untracked 
|  75|0x0000000713400000, 0x0000000713400000, 0x0000000713600000|  0%| F|  |TAMS 0x0000000713400000, 0x0000000713400000| Untracked 
|  76|0x0000000713600000, 0x0000000713600000, 0x0000000713800000|  0%| F|  |TAMS 0x0000000713600000, 0x0000000713600000| Untracked 
|  77|0x0000000713800000, 0x0000000713800000, 0x0000000713a00000|  0%| F|  |TAMS 0x0000000713800000, 0x0000000713800000| Untracked 
|  78|0x0000000713a00000, 0x0000000713a00000, 0x0000000713c00000|  0%| F|  |TAMS 0x0000000713a00000, 0x0000000713a00000| Untracked 
|  79|0x0000000713c00000, 0x0000000713c00000, 0x0000000713e00000|  0%| F|  |TAMS 0x0000000713c00000, 0x0000000713c00000| Untracked 
|  80|0x0000000713e00000, 0x0000000713e00000, 0x0000000714000000|  0%| F|  |TAMS 0x0000000713e00000, 0x0000000713e00000| Untracked 
|  81|0x0000000714000000, 0x0000000714000000, 0x0000000714200000|  0%| F|  |TAMS 0x0000000714000000, 0x0000000714000000| Untracked 
|  82|0x0000000714200000, 0x0000000714200000, 0x0000000714400000|  0%| F|  |TAMS 0x0000000714200000, 0x0000000714200000| Untracked 
|  83|0x0000000714400000, 0x0000000714400000, 0x0000000714600000|  0%| F|  |TAMS 0x0000000714400000, 0x0000000714400000| Untracked 
|  84|0x0000000714600000, 0x0000000714600000, 0x0000000714800000|  0%| F|  |TAMS 0x0000000714600000, 0x0000000714600000| Untracked 
|  85|0x0000000714800000, 0x0000000714800000, 0x0000000714a00000|  0%| F|  |TAMS 0x0000000714800000, 0x0000000714800000| Untracked 
|  86|0x0000000714a00000, 0x0000000714a00000, 0x0000000714c00000|  0%| F|  |TAMS 0x0000000714a00000, 0x0000000714a00000| Untracked 
|  87|0x0000000714c00000, 0x0000000714c00000, 0x0000000714e00000|  0%| F|  |TAMS 0x0000000714c00000, 0x0000000714c00000| Untracked 
|  88|0x0000000714e00000, 0x0000000714e00000, 0x0000000715000000|  0%| F|  |TAMS 0x0000000714e00000, 0x0000000714e00000| Untracked 
|  89|0x0000000715000000, 0x0000000715000000, 0x0000000715200000|  0%| F|  |TAMS 0x0000000715000000, 0x0000000715000000| Untracked 
|  90|0x0000000715200000, 0x0000000715200000, 0x0000000715400000|  0%| F|  |TAMS 0x0000000715200000, 0x0000000715200000| Untracked 
|  91|0x0000000715400000, 0x0000000715400000, 0x0000000715600000|  0%| F|  |TAMS 0x0000000715400000, 0x0000000715400000| Untracked 
|  92|0x0000000715600000, 0x0000000715600000, 0x0000000715800000|  0%| F|  |TAMS 0x0000000715600000, 0x0000000715600000| Untracked 
|  93|0x0000000715800000, 0x0000000715800000, 0x0000000715a00000|  0%| F|  |TAMS 0x0000000715800000, 0x0000000715800000| Untracked 
|  94|0x0000000715a00000, 0x0000000715a00000, 0x0000000715c00000|  0%| F|  |TAMS 0x0000000715a00000, 0x0000000715a00000| Untracked 
|  95|0x0000000715c00000, 0x0000000715c00000, 0x0000000715e00000|  0%| F|  |TAMS 0x0000000715c00000, 0x0000000715c00000| Untracked 
|  96|0x0000000715e00000, 0x0000000715e00000, 0x0000000716000000|  0%| F|  |TAMS 0x0000000715e00000, 0x0000000715e00000| Untracked 
|  97|0x0000000716000000, 0x0000000716000000, 0x0000000716200000|  0%| F|  |TAMS 0x0000000716000000, 0x0000000716000000| Untracked 
|  98|0x0000000716200000, 0x0000000716200000, 0x0000000716400000|  0%| F|  |TAMS 0x0000000716200000, 0x0000000716200000| Untracked 
|  99|0x0000000716400000, 0x0000000716400000, 0x0000000716600000|  0%| F|  |TAMS 0x0000000716400000, 0x0000000716400000| Untracked 
| 100|0x0000000716600000, 0x0000000716600000, 0x0000000716800000|  0%| F|  |TAMS 0x0000000716600000, 0x0000000716600000| Untracked 
| 101|0x0000000716800000, 0x0000000716800000, 0x0000000716a00000|  0%| F|  |TAMS 0x0000000716800000, 0x0000000716800000| Untracked 
| 102|0x0000000716a00000, 0x0000000716a00000, 0x0000000716c00000|  0%| F|  |TAMS 0x0000000716a00000, 0x0000000716a00000| Untracked 
| 103|0x0000000716c00000, 0x0000000716c00000, 0x0000000716e00000|  0%| F|  |TAMS 0x0000000716c00000, 0x0000000716c00000| Untracked 
| 104|0x0000000716e00000, 0x0000000716e00000, 0x0000000717000000|  0%| F|  |TAMS 0x0000000716e00000, 0x0000000716e00000| Untracked 
| 105|0x0000000717000000, 0x0000000717000000, 0x0000000717200000|  0%| F|  |TAMS 0x0000000717000000, 0x0000000717000000| Untracked 
| 106|0x0000000717200000, 0x0000000717200000, 0x0000000717400000|  0%| F|  |TAMS 0x0000000717200000, 0x0000000717200000| Untracked 
| 107|0x0000000717400000, 0x0000000717400000, 0x0000000717600000|  0%| F|  |TAMS 0x0000000717400000, 0x0000000717400000| Untracked 
| 108|0x0000000717600000, 0x0000000717600000, 0x0000000717800000|  0%| F|  |TAMS 0x0000000717600000, 0x0000000717600000| Untracked 
| 109|0x0000000717800000, 0x0000000717800000, 0x0000000717a00000|  0%| F|  |TAMS 0x0000000717800000, 0x0000000717800000| Untracked 
| 110|0x0000000717a00000, 0x0000000717a00000, 0x0000000717c00000|  0%| F|  |TAMS 0x0000000717a00000, 0x0000000717a00000| Untracked 
| 111|0x0000000717c00000, 0x0000000717c00000, 0x0000000717e00000|  0%| F|  |TAMS 0x0000000717c00000, 0x0000000717c00000| Untracked 
| 112|0x0000000717e00000, 0x0000000717e00000, 0x0000000718000000|  0%| F|  |TAMS 0x0000000717e00000, 0x0000000717e00000| Untracked 
| 113|0x0000000718000000, 0x0000000718000000, 0x0000000718200000|  0%| F|  |TAMS 0x0000000718000000, 0x0000000718000000| Untracked 
| 114|0x0000000718200000, 0x0000000718200000, 0x0000000718400000|  0%| F|  |TAMS 0x0000000718200000, 0x0000000718200000| Untracked 
| 115|0x0000000718400000, 0x0000000718400000, 0x0000000718600000|  0%| F|  |TAMS 0x0000000718400000, 0x0000000718400000| Untracked 
| 116|0x0000000718600000, 0x0000000718600000, 0x0000000718800000|  0%| F|  |TAMS 0x0000000718600000, 0x0000000718600000| Untracked 
| 117|0x0000000718800000, 0x0000000718800000, 0x0000000718a00000|  0%| F|  |TAMS 0x0000000718800000, 0x0000000718800000| Untracked 
| 118|0x0000000718a00000, 0x0000000718a00000, 0x0000000718c00000|  0%| F|  |TAMS 0x0000000718a00000, 0x0000000718a00000| Untracked 
| 119|0x0000000718c00000, 0x0000000718c00000, 0x0000000718e00000|  0%| F|  |TAMS 0x0000000718c00000, 0x0000000718c00000| Untracked 
| 120|0x0000000718e00000, 0x0000000718e00000, 0x0000000719000000|  0%| F|  |TAMS 0x0000000718e00000, 0x0000000718e00000| Untracked 
| 121|0x0000000719000000, 0x0000000719000000, 0x0000000719200000|  0%| F|  |TAMS 0x0000000719000000, 0x0000000719000000| Untracked 
| 122|0x0000000719200000, 0x0000000719200000, 0x0000000719400000|  0%| F|  |TAMS 0x0000000719200000, 0x0000000719200000| Untracked 
| 123|0x0000000719400000, 0x00000007195c29a0, 0x0000000719600000| 88%| E|  |TAMS 0x0000000719400000, 0x0000000719400000| Complete 
|1967|0x00000007ffc00000, 0x00000007ffd76000, 0x00000007ffe00000| 73%|OA|  |TAMS 0x00000007ffc00000, 0x00000007ffc00000| Untracked 
|1968|0x00000007ffe00000, 0x00000007ffe88000, 0x0000000800000000| 26%|CA|  |TAMS 0x00000007ffe00000, 0x00000007ffe00000| Untracked 

Card table byte_map: [0x00007f77ab240000,0x00007f77ab9f1000] _byte_map_base: 0x00007f77a79f1000

Marking Bits (Prev, Next): (CMBitMap*) 0x00007f77c4073460, (CMBitMap*) 0x00007f77c40734a0
 Prev Bits: [0x00007f77a6d07000, 0x00007f77aaa8f000)
 Next Bits: [0x00007f77a2f7f000, 0x00007f77a6d07000)

Polling page: 0x00007f77ca982000

Metaspace:

Usage:
  Non-class:    914,72 KB used.
      Class:     80,17 KB used.
       Both:    994,89 KB used.

Virtual space:
  Non-class space:        8,00 MB reserved,       1,00 MB ( 12%) committed,  1 nodes.
      Class space:        1,00 GB reserved,     192,00 KB ( <1%) committed,  1 nodes.
              Both:        1,01 GB reserved,       1,19 MB ( <1%) committed. 

Chunk freelists:
   Non-Class:  3,98 MB
       Class:  3,74 MB
        Both:  7,73 MB

MaxMetaspaceSize: 17179869184,00 GB
CompressedClassSpaceSize: 1,00 GB
 - commit_granule_bytes: 65536.
 - commit_granule_words: 8192.
 - virtual_space_node_default_size: 1048576.
 - enlarge_chunks_in_place: 1.
 - new_chunks_are_fully_committed: 0.
 - uncommit_free_chunks: 1.
 - use_allocation_guard: 0.
 - handle_deallocations: 1.


Internal statistics:

num_allocs_failed_limit: 0.
num_arena_births: 10.
num_arena_deaths: 0.
num_vsnodes_births: 2.
num_vsnodes_deaths: 0.
num_space_committed: 19.
num_space_uncommitted: 0.
num_chunks_returned_to_freelist: 0.
num_chunks_taken_from_freelist: 14.
num_chunk_merges: 0.
num_chunk_splits: 6.
num_chunks_enlarged: 1.
num_purges: 0.

CodeHeap 'non-profiled nmethods': size=120028Kb used=28Kb max_used=28Kb free=119999Kb
 bounds [0x00007f77b406f000, 0x00007f77b42df000, 0x00007f77bb5a6000]
CodeHeap 'profiled nmethods': size=120028Kb used=94Kb max_used=94Kb free=119933Kb
 bounds [0x00007f77acb38000, 0x00007f77acda8000, 0x00007f77b406f000]
CodeHeap 'non-nmethods': size=5704Kb used=1096Kb max_used=1110Kb free=4607Kb
 bounds [0x00007f77ac5a6000, 0x00007f77ac816000, 0x00007f77acb38000]
 total_blobs=456 nmethods=89 adapters=281
 compilation: enabled
              stopped_count=0, restarted_count=0
 full_count=0

Compilation events (20 events):
Event: 0,100 Thread 0x00007f77c4180d10   83       3       java.util.Arrays::copyOf (19 bytes)
Event: 0,100 Thread 0x00007f77c4180d10 nmethod 83 0x00007f77acb4db10 code [0x00007f77acb4dcc0, 0x00007f77acb4dfa0]
Event: 0,100 Thread 0x00007f77c4180d10   70       1       java.util.HashMap$Node::getValue (5 bytes)
Event: 0,101 Thread 0x00007f77c4180d10 nmethod 70 0x00007f77b4074e90 code [0x00007f77b4075020, 0x00007f77b40750f0]
Event: 0,101 Thread 0x00007f77c4180d10   85       3       java.lang.AbstractStringBuilder::newCapacity (59 bytes)
Event: 0,101 Thread 0x00007f77c417f6b0 nmethod 77 0x00007f77b4075190 code [0x00007f77b4075320, 0x00007f77b4075498]
Event: 0,101 Thread 0x00007f77c417f6b0   79       4       java.util.concurrent.ConcurrentHashMap::tabAt (22 bytes)
Event: 0,101 Thread 0x00007f77c4180d10 nmethod 85 0x00007f77acb4e110 code [0x00007f77acb4e300, 0x00007f77acb4e850]
Event: 0,101 Thread 0x00007f77c417f6b0 nmethod 79 0x00007f77b4075590 code [0x00007f77b4075700, 0x00007f77b4075778]
Event: 0,101 Thread 0x00007f77c417f6b0   84       4       jdk.internal.misc.Unsafe::putReferenceRelease (9 bytes)
Event: 0,102 Thread 0x00007f77c4180d10   86       3       jdk.internal.reflect.ClassFileAssembler::emitShort (24 bytes)
Event: 0,102 Thread 0x00007f77c4180d10 nmethod 86 0x00007f77acb4ea90 code [0x00007f77acb4ec60, 0x00007f77acb4ef50]
Event: 0,102 Thread 0x00007f77c4180d10   87       3       jdk.internal.reflect.ClassFileAssembler::cpi (22 bytes)
Event: 0,103 Thread 0x00007f77c4180d10 nmethod 87 0x00007f77acb4f110 code [0x00007f77acb4f2c0, 0x00007f77acb4f4e0]
Event: 0,103 Thread 0x00007f77c4180d10   88       3       java.util.HashMap::hash (20 bytes)
Event: 0,103 Thread 0x00007f77c417f6b0 nmethod 84 0x00007f77b4075890 code [0x00007f77b4075a00, 0x00007f77b4075b78]
Event: 0,103 Thread 0x00007f77c417f6b0   80       4       java.util.concurrent.ConcurrentHashMap::casTabAt (21 bytes)
Event: 0,103 Thread 0x00007f77c4180d10 nmethod 88 0x00007f77acb4f590 code [0x00007f77acb4f740, 0x00007f77acb4f940]
Event: 0,103 Thread 0x00007f77c4180d10   89       1       java.lang.reflect.Method::getName (5 bytes)
Event: 0,103 Thread 0x00007f77c4180d10 nmethod 89 0x00007f77b4075c10 code [0x00007f77b4075da0, 0x00007f77b4075e70]

GC Heap History (0 events):
No events

Deoptimization events (0 events):
No events

Classes unloaded (0 events):
No events

Classes redefined (0 events):
No events

Internal exceptions (1 events):
Event: 0,073 Thread 0x00007f77c4022a10 Exception <a 'java/lang/NoSuchMethodError'{0x0000000719442138}: static LUser;.<clinit>()V> (0x0000000719442138) 
thrown [./src/hotspot/share/prims/jni.cpp, line 1210]

Events (20 events):
Event: 0,100 loading class sun/security/provider/SHA
Event: 0,100 loading class sun/security/provider/DigestBase
Event: 0,100 loading class sun/security/provider/DigestBase done
Event: 0,100 loading class sun/security/provider/SHA done
Event: 0,100 loading class sun/security/jca/GetInstance$Instance
Event: 0,100 loading class sun/security/jca/GetInstance$Instance done
Event: 0,100 loading class java/security/MessageDigest$Delegate
Event: 0,100 loading class sun/security/util/MessageDigestSpi2
Event: 0,100 loading class sun/security/util/MessageDigestSpi2 done
Event: 0,100 loading class java/security/MessageDigest$Delegate done
Event: 0,100 loading class java/security/MessageDigest$Delegate$CloneableDelegate
Event: 0,100 loading class java/security/MessageDigest$Delegate$CloneableDelegate done
Event: 0,100 loading class sun/security/provider/ByteArrayAccess
Event: 0,100 loading class sun/security/provider/ByteArrayAccess done
Event: 0,101 loading class java/io/ObjectStreamClass$ClassDataSlot
Event: 0,101 loading class java/io/ObjectStreamClass$ClassDataSlot done
Event: 0,101 loading class jdk/internal/reflect/UnsafeQualifiedStaticLongFieldAccessorImpl
Event: 0,101 loading class jdk/internal/reflect/UnsafeQualifiedStaticLongFieldAccessorImpl done
Event: 0,103 loading class java/io/UnsupportedEncodingException
Event: 0,103 loading class java/io/UnsupportedEncodingException done


Dynamic libraries:
709e00000-719600000 rw-p 00000000 00:00 0 
719600000-7ffc00000 ---p 00000000 00:00 0 
7ffc00000-7ffd00000 rw-p 00000000 00:00 0 
7ffd00000-7ffd76000 rw-p 00cb8000 103:02 16648564                        /home/kamil/.jdks/corretto-16.0.2/lib/server/classes.jsa
7ffd76000-7ffe00000 rw-p 00000000 00:00 0 
7ffe00000-7ffe88000 rw-p 00c30000 103:02 16648564                        /home/kamil/.jdks/corretto-16.0.2/lib/server/classes.jsa
7ffe88000-800000000 rw-p 00000000 00:00 0 
800000000-800003000 rwxp 00001000 103:02 16648564                        /home/kamil/.jdks/corretto-16.0.2/lib/server/classes.jsa
800003000-80043c000 rw-p 00004000 103:02 16648564                        /home/kamil/.jdks/corretto-16.0.2/lib/server/classes.jsa
80043c000-800bf7000 r--p 0043d000 103:02 16648564                        /home/kamil/.jdks/corretto-16.0.2/lib/server/classes.jsa
800bf7000-800c00000 ---p 00000000 00:00 0 
800c00000-800c10000 rw-p 00000000 00:00 0 
800c10000-800c40000 ---p 00000000 00:00 0 
800c40000-800c60000 rw-p 00000000 00:00 0 
800c60000-840c00000 ---p 00000000 00:00 0 
55a128600000-55a128601000 r-xp 00000000 103:02 16648675                  /home/kamil/.jdks/corretto-16.0.2/bin/java
55a128801000-55a128802000 r--p 00001000 103:02 16648675                  /home/kamil/.jdks/corretto-16.0.2/bin/java
55a128802000-55a128803000 rw-p 00002000 103:02 16648675                  /home/kamil/.jdks/corretto-16.0.2/bin/java
55a129ae6000-55a129b07000 rw-p 00000000 00:00 0                          [heap]
7f7754000000-7f7754021000 rw-p 00000000 00:00 0 
7f7754021000-7f7758000000 ---p 00000000 00:00 0 
7f775c000000-7f775c021000 rw-p 00000000 00:00 0 
7f775c021000-7f7760000000 ---p 00000000 00:00 0 
7f7760000000-7f7760021000 rw-p 00000000 00:00 0 
7f7760021000-7f7764000000 ---p 00000000 00:00 0 
7f7764000000-7f7764067000 rw-p 00000000 00:00 0 
7f7764067000-7f7768000000 ---p 00000000 00:00 0 
7f7768000000-7f7768021000 rw-p 00000000 00:00 0 
7f7768021000-7f776c000000 ---p 00000000 00:00 0 
7f776c000000-7f776c021000 rw-p 00000000 00:00 0 
7f776c021000-7f7770000000 ---p 00000000 00:00 0 
7f7770000000-7f7770066000 rw-p 00000000 00:00 0 
7f7770066000-7f7774000000 ---p 00000000 00:00 0 
7f7774000000-7f7774021000 rw-p 00000000 00:00 0 
7f7774021000-7f7778000000 ---p 00000000 00:00 0 
7f7778000000-7f7778021000 rw-p 00000000 00:00 0 
7f7778021000-7f777c000000 ---p 00000000 00:00 0 
7f777c000000-7f777c021000 rw-p 00000000 00:00 0 
7f777c021000-7f7780000000 ---p 00000000 00:00 0 
7f7780000000-7f7780021000 rw-p 00000000 00:00 0 
7f7780021000-7f7784000000 ---p 00000000 00:00 0 
7f7784000000-7f7784021000 rw-p 00000000 00:00 0 
7f7784021000-7f7788000000 ---p 00000000 00:00 0 
7f778a736000-7f778ab14000 rw-p 00000000 00:00 0 
7f778ab14000-7f778ab18000 ---p 00000000 00:00 0 
7f778ab18000-7f778ac14000 rw-p 00000000 00:00 0 
7f778ac14000-7f778ac15000 ---p 00000000 00:00 0 
7f778ac15000-7f778ad16000 rw-p 00000000 00:00 0 
7f778ad16000-7f778ad1a000 ---p 00000000 00:00 0 
7f778ad1a000-7f778ae16000 rw-p 00000000 00:00 0 
7f778ae16000-7f778ae1a000 ---p 00000000 00:00 0 
7f778ae1a000-7f778af16000 rw-p 00000000 00:00 0 
7f778af16000-7f778af1a000 ---p 00000000 00:00 0 
7f778af1a000-7f778b016000 rw-p 00000000 00:00 0 
7f778b016000-7f778b01a000 ---p 00000000 00:00 0 
7f778b01a000-7f778b116000 rw-p 00000000 00:00 0 
7f778b116000-7f778b11a000 ---p 00000000 00:00 0 
7f778b11a000-7f778b216000 rw-p 00000000 00:00 0 
7f778b216000-7f778b21a000 ---p 00000000 00:00 0 
7f778b21a000-7f778b316000 rw-p 00000000 00:00 0 
7f778b316000-7f778b31a000 ---p 00000000 00:00 0 
7f778b31a000-7f778b416000 rw-p 00000000 00:00 0 
7f778b416000-7f778b700000 r--p 00000000 103:01 4476009                   /usr/lib/locale/locale-archive
7f778b700000-7f778b704000 ---p 00000000 00:00 0 
7f778b704000-7f778b8f0000 rw-p 00000000 00:00 0 
7f778b8f0000-7f778bc00000 ---p 00000000 00:00 0 
7f778bc00000-7f778bc10000 rw-p 00000000 00:00 0 
7f778bc10000-7f778c000000 ---p 00000000 00:00 0 
7f778c000000-7f778c021000 rw-p 00000000 00:00 0 
7f778c021000-7f7790000000 ---p 00000000 00:00 0 
7f7790000000-7f7790021000 rw-p 00000000 00:00 0 
7f7790021000-7f7794000000 ---p 00000000 00:00 0 
7f7794000000-7f7794021000 rw-p 00000000 00:00 0 
7f7794021000-7f7798000000 ---p 00000000 00:00 0 
7f7798000000-7f7798021000 rw-p 00000000 00:00 0 
7f7798021000-7f779c000000 ---p 00000000 00:00 0 
7f779c000000-7f779c021000 rw-p 00000000 00:00 0 
7f779c021000-7f77a0000000 ---p 00000000 00:00 0 
7f77a006b000-7f77a006f000 ---p 00000000 00:00 0 
7f77a006f000-7f77a016b000 rw-p 00000000 00:00 0 
7f77a016b000-7f77a016c000 ---p 00000000 00:00 0 
7f77a016c000-7f77a026d000 rw-p 00000000 00:00 0 
7f77a026d000-7f77a026e000 ---p 00000000 00:00 0 
7f77a026e000-7f77a036f000 rw-p 00000000 00:00 0 
7f77a036f000-7f77a0370000 ---p 00000000 00:00 0 
7f77a0370000-7f77a2c79000 rw-p 00000000 00:00 0 
7f77a2c79000-7f77a2c7a000 ---p 00000000 00:00 0 
7f77a2c7a000-7f77a2d7b000 rw-p 00000000 00:00 0 
7f77a2d7b000-7f77a2d7c000 ---p 00000000 00:00 0 
7f77a2d7c000-7f77a2e7d000 rw-p 00000000 00:00 0 
7f77a2e7d000-7f77a2e7e000 ---p 00000000 00:00 0 
7f77a2e7e000-7f77a335f000 rw-p 00000000 00:00 0 
7f77a335f000-7f77a6cf7000 ---p 00000000 00:00 0 
7f77a6cf7000-7f77a70e7000 rw-p 00000000 00:00 0 
7f77a70e7000-7f77aaa7f000 ---p 00000000 00:00 0 
7f77aaa7f000-7f77aab0b000 rw-p 00000000 00:00 0 
7f77aab0b000-7f77ab23e000 ---p 00000000 00:00 0 
7f77ab23e000-7f77ab2bc000 rw-p 00000000 00:00 0 
7f77ab2bc000-7f77ab9ef000 ---p 00000000 00:00 0 
7f77ab9ef000-7f77aba6d000 rw-p 00000000 00:00 0 
7f77aba6d000-7f77ac1a0000 ---p 00000000 00:00 0 
7f77ac1a0000-7f77ac5a6000 rw-p 00000000 00:00 0 
7f77ac5a6000-7f77ac816000 rwxp 00000000 00:00 0 
7f77ac816000-7f77acb38000 ---p 00000000 00:00 0 
7f77acb38000-7f77acda8000 rwxp 00000000 00:00 0 
7f77acda8000-7f77b406f000 ---p 00000000 00:00 0 
7f77b406f000-7f77b42df000 rwxp 00000000 00:00 0 
7f77b42df000-7f77bb5a6000 ---p 00000000 00:00 0 
7f77bb5a6000-7f77c4000000 r--s 00000000 103:02 16648551                  /home/kamil/.jdks/corretto-16.0.2/lib/modules
7f77c4000000-7f77c41fa000 rw-p 00000000 00:00 0 
7f77c41fa000-7f77c8000000 ---p 00000000 00:00 0 
7f77c80fd000-7f77c8400000 rw-p 00000000 00:00 0 
7f77c8400000-7f77c8424000 r-xp 00000000 103:02 16648568                  /home/kamil/.jdks/corretto-16.0.2/lib/libjava.so
7f77c8424000-7f77c8624000 ---p 00024000 103:02 16648568                  /home/kamil/.jdks/corretto-16.0.2/lib/libjava.so
7f77c8624000-7f77c8625000 r--p 00024000 103:02 16648568                  /home/kamil/.jdks/corretto-16.0.2/lib/libjava.so
7f77c8625000-7f77c8626000 rw-p 00025000 103:02 16648568                  /home/kamil/.jdks/corretto-16.0.2/lib/libjava.so
7f77c8626000-7f77c8627000 rw-p 00000000 00:00 0 
7f77c867e000-7f77c8800000 rw-p 00000000 00:00 0 
7f77c8800000-7f77c881b000 r-xp 00000000 103:02 16648570                  /home/kamil/.jdks/corretto-16.0.2/lib/libjimage.so
7f77c881b000-7f77c8a1a000 ---p 0001b000 103:02 16648570                  /home/kamil/.jdks/corretto-16.0.2/lib/libjimage.so
7f77c8a1a000-7f77c8a1c000 r--p 0001a000 103:02 16648570                  /home/kamil/.jdks/corretto-16.0.2/lib/libjimage.so
7f77c8a1c000-7f77c8a1d000 rw-p 0001c000 103:02 16648570                  /home/kamil/.jdks/corretto-16.0.2/lib/libjimage.so
7f77c8a3b000-7f77c8b1a000 rw-p 00000000 00:00 0 
7f77c8b1a000-7f77c8c00000 ---p 00000000 00:00 0 
7f77c8c00000-7f77c9ebc000 r-xp 00000000 103:02 16648561                  /home/kamil/.jdks/corretto-16.0.2/lib/server/libjvm.so
7f77c9ebc000-7f77ca0bb000 ---p 012bc000 103:02 16648561                  /home/kamil/.jdks/corretto-16.0.2/lib/server/libjvm.so
7f77ca0bb000-7f77ca170000 r--p 012bb000 103:02 16648561                  /home/kamil/.jdks/corretto-16.0.2/lib/server/libjvm.so
7f77ca170000-7f77ca1a4000 rw-p 01370000 103:02 16648561                  /home/kamil/.jdks/corretto-16.0.2/lib/server/libjvm.so
7f77ca1a4000-7f77ca1ff000 rw-p 00000000 00:00 0 
7f77ca20b000-7f77ca210000 rw-p 00000000 00:00 0 
7f77ca210000-7f77ca2f6000 ---p 00000000 00:00 0 
7f77ca2f6000-7f77ca2fa000 ---p 00000000 00:00 0 
7f77ca2fa000-7f77ca3f6000 rw-p 00000000 00:00 0 
7f77ca3f6000-7f77ca422000 r--p 00000000 103:01 4474782                   /usr/lib/libc.so.6
7f77ca422000-7f77ca598000 r-xp 0002c000 103:01 4474782                   /usr/lib/libc.so.6
7f77ca598000-7f77ca5ec000 r--p 001a2000 103:01 4474782                   /usr/lib/libc.so.6
7f77ca5ec000-7f77ca5ed000 ---p 001f6000 103:01 4474782                   /usr/lib/libc.so.6
7f77ca5ed000-7f77ca5f0000 r--p 001f6000 103:01 4474782                   /usr/lib/libc.so.6
7f77ca5f0000-7f77ca5f3000 rw-p 001f9000 103:01 4474782                   /usr/lib/libc.so.6
7f77ca5f3000-7f77ca600000 rw-p 00000000 00:00 0 
7f77ca600000-7f77ca619000 r-xp 00000000 103:02 16648566                  /home/kamil/.jdks/corretto-16.0.2/lib/libjli.so
7f77ca619000-7f77ca818000 ---p 00019000 103:02 16648566                  /home/kamil/.jdks/corretto-16.0.2/lib/libjli.so
7f77ca818000-7f77ca819000 r--p 00018000 103:02 16648566                  /home/kamil/.jdks/corretto-16.0.2/lib/libjli.so
7f77ca819000-7f77ca81a000 rw-p 00019000 103:02 16648566                  /home/kamil/.jdks/corretto-16.0.2/lib/libjli.so
7f77ca823000-7f77ca864000 rw-p 00000000 00:00 0 
7f77ca864000-7f77ca865000 r--p 00000000 103:01 4474820                   /usr/lib/librt.so.1
7f77ca865000-7f77ca866000 r-xp 00001000 103:01 4474820                   /usr/lib/librt.so.1
7f77ca866000-7f77ca867000 r--p 00002000 103:01 4474820                   /usr/lib/librt.so.1
7f77ca867000-7f77ca868000 r--p 00002000 103:01 4474820                   /usr/lib/librt.so.1
7f77ca868000-7f77ca869000 rw-p 00003000 103:01 4474820                   /usr/lib/librt.so.1
7f77ca869000-7f77ca879000 r--p 00000000 103:01 4474793                   /usr/lib/libm.so.6
7f77ca879000-7f77ca8f3000 r-xp 00010000 103:01 4474793                   /usr/lib/libm.so.6
7f77ca8f3000-7f77ca94f000 r--p 0008a000 103:01 4474793                   /usr/lib/libm.so.6
7f77ca94f000-7f77ca950000 r--p 000e5000 103:01 4474793                   /usr/lib/libm.so.6
7f77ca950000-7f77ca951000 rw-p 000e6000 103:01 4474793                   /usr/lib/libm.so.6
7f77ca951000-7f77ca953000 rw-p 00000000 00:00 0 
7f77ca953000-7f77ca954000 r--p 00000000 103:01 4474788                   /usr/lib/libdl.so.2
7f77ca954000-7f77ca955000 r-xp 00001000 103:01 4474788                   /usr/lib/libdl.so.2
7f77ca955000-7f77ca956000 r--p 00002000 103:01 4474788                   /usr/lib/libdl.so.2
7f77ca956000-7f77ca957000 r--p 00002000 103:01 4474788                   /usr/lib/libdl.so.2
7f77ca957000-7f77ca958000 rw-p 00003000 103:01 4474788                   /usr/lib/libdl.so.2
7f77ca958000-7f77ca959000 r--p 00000000 103:01 4474815                   /usr/lib/libpthread.so.0
7f77ca959000-7f77ca95a000 r-xp 00001000 103:01 4474815                   /usr/lib/libpthread.so.0
7f77ca95a000-7f77ca95b000 r--p 00002000 103:01 4474815                   /usr/lib/libpthread.so.0
7f77ca95b000-7f77ca95c000 r--p 00002000 103:01 4474815                   /usr/lib/libpthread.so.0
7f77ca95c000-7f77ca95d000 rw-p 00003000 103:01 4474815                   /usr/lib/libpthread.so.0
7f77ca96e000-7f77ca973000 rw-p 00000000 00:00 0 
7f77ca973000-7f77ca97a000 ---p 00000000 00:00 0 
7f77ca97a000-7f77ca982000 rw-s 00000000 00:21 363                        /tmp/hsperfdata_kamil/97013
7f77ca982000-7f77ca983000 ---p 00000000 00:00 0 
7f77ca983000-7f77ca984000 r--p 00000000 00:00 0 
7f77ca984000-7f77ca986000 rw-p 00000000 00:00 0 
7f77ca986000-7f77ca988000 r--p 00000000 103:01 4474772                   /usr/lib/ld-linux-x86-64.so.2
7f77ca988000-7f77ca9af000 r-xp 00002000 103:01 4474772                   /usr/lib/ld-linux-x86-64.so.2
7f77ca9af000-7f77ca9ba000 r--p 00029000 103:01 4474772                   /usr/lib/ld-linux-x86-64.so.2
7f77ca9ba000-7f77ca9bb000 ---p 00000000 00:00 0 
7f77ca9bb000-7f77ca9bd000 r--p 00034000 103:01 4474772                   /usr/lib/ld-linux-x86-64.so.2
7f77ca9bd000-7f77ca9bf000 rw-p 00036000 103:01 4474772                   /usr/lib/ld-linux-x86-64.so.2
7ffcd2bdf000-7ffcd2c00000 rw-p 00000000 00:00 0                          [stack]
7ffcd2d55000-7ffcd2d59000 r--p 00000000 00:00 0                          [vvar]
7ffcd2d59000-7ffcd2d5b000 r-xp 00000000 00:00 0                          [vdso]
ffffffffff600000-ffffffffff601000 --xp 00000000 00:00 0                  [vsyscall]


VM Arguments:
jvm_args: -Dfile.encoding=UTF-8 -Duser.country=RU -Duser.language=ru -Duser.variant 
java_command: Main
java_class_path (initial): /home/kamil/IdeaProjects/Unsafe/build/classes/java/main:/home/kamil/IdeaProjects/Unsafe/build/resources/main
Launcher Type: SUN_STANDARD

[Global flags]
     intx CICompilerCount                          = 4                                         {product} {ergonomic}
     uint ConcGCThreads                            = 2                                         {product} {ergonomic}
     uint G1ConcRefinementThreads                  = 8                                         {product} {ergonomic}
   size_t G1HeapRegionSize                         = 2097152                                   {product} {ergonomic}
    uintx GCDrainStackTargetSize                   = 64                                        {product} {ergonomic}
   size_t InitialHeapSize                          = 260046848                                 {product} {ergonomic}
   size_t MarkStackSize                            = 4194304                                   {product} {ergonomic}
   size_t MaxHeapSize                              = 4129292288                                {product} {ergonomic}
   size_t MaxNewSize                               = 2476736512                                {product} {ergonomic}
   size_t MinHeapDeltaBytes                        = 2097152                                   {product} {ergonomic}
   size_t MinHeapSize                              = 8388608                                   {product} {ergonomic}
    uintx NonNMethodCodeHeapSize                   = 5839372                                {pd product} {ergonomic}
    uintx NonProfiledCodeHeapSize                  = 122909434                              {pd product} {ergonomic}
    uintx ProfiledCodeHeapSize                     = 122909434                              {pd product} {ergonomic}
    uintx ReservedCodeCacheSize                    = 251658240                              {pd product} {ergonomic}
     bool SegmentedCodeCache                       = true                                      {product} {ergonomic}
   size_t SoftMaxHeapSize                          = 4129292288                             {manageable} {ergonomic}
     bool UseCompressedClassPointers               = true                           {product lp64_product} {ergonomic}
     bool UseCompressedOops                        = true                           {product lp64_product} {ergonomic}
     bool UseG1GC                                  = true                                      {product} {ergonomic}

Logging:
Log output configuration:
 #0: stdout all=warning uptime,level,tags
 #1: stderr all=off uptime,level,tags

Environment Variables:
PATH=/home/kamil/.local/bin:/usr/local/bin:/usr/bin:/var/lib/snapd/snap/bin:/usr/local/sbin:/usr/lib/jvm/default/bin:/usr/bin/site_perl:/usr/bin/vendor_perl:/usr/bin/core_perl
USERNAME=kamil
SHELL=/bin/zsh
DISPLAY=:0
LANG=ru_RU.UTF-8

Signal Handlers:
SIGSEGV: [libjvm.so+0xf67e20], sa_mask[0]=11100100010111111101111111111110, sa_flags=SA_RESTART|SA_SIGINFO
SIGBUS: [libjvm.so+0xf67e20], sa_mask[0]=11100100010111111101111111111110, sa_flags=SA_RESTART|SA_SIGINFO
SIGFPE: [libjvm.so+0xf67e20], sa_mask[0]=11100100010111111101111111111110, sa_flags=SA_RESTART|SA_SIGINFO
SIGPIPE: [libjvm.so+0xe05b30], sa_mask[0]=11100100010111111101111111111110, sa_flags=SA_RESTART|SA_SIGINFO
SIGXFSZ: [libjvm.so+0xe05b30], sa_mask[0]=11100100010111111101111111111110, sa_flags=SA_RESTART|SA_SIGINFO
SIGILL: [libjvm.so+0xf67e20], sa_mask[0]=11100100010111111101111111111110, sa_flags=SA_RESTART|SA_SIGINFO
SIGUSR2: [libjvm.so+0xe05200], sa_mask[0]=00100000000000000000000000000000, sa_flags=SA_RESTART|SA_SIGINFO
SIGHUP: [libjvm.so+0xe05140], sa_mask[0]=11100100010111111101111111111110, sa_flags=SA_RESTART|SA_SIGINFO
SIGINT: [libjvm.so+0xe05140], sa_mask[0]=11100100010111111101111111111110, sa_flags=SA_RESTART|SA_SIGINFO
SIGTERM: [libjvm.so+0xe05140], sa_mask[0]=11100100010111111101111111111110, sa_flags=SA_RESTART|SA_SIGINFO
SIGQUIT: [libjvm.so+0xe05140], sa_mask[0]=11100100010111111101111111111110, sa_flags=SA_RESTART|SA_SIGINFO
SIGTRAP: [libjvm.so+0xf67e20], sa_mask[0]=11100100010111111101111111111110, sa_flags=SA_RESTART|SA_SIGINFO


---------------  S Y S T E M  ---------------

OS:
DISTRIB_ID=ManjaroLinux
DISTRIB_RELEASE=21.2.6
DISTRIB_CODENAME=Qonos
DISTRIB_DESCRIPTION="Manjaro Linux"
uname: Linux 5.13.19-2-MANJARO #1 SMP PREEMPT Sun Sep 19 21:31:53 UTC 2021 x86_64
OS uptime: 0 days 2:17 hours
libc: glibc 2.35 NPTL 2.35 
rlimit (soft/hard): STACK 8192k/infinity , CORE infinity/infinity , NPROC 62888/62888 , NOFILE 524288/524288 , AS infinity/infinity , CPU infinity/infinity , DATA infinity/infinity , FSIZE infinity/infinity , MEMLOCK 1024k/1024k
load average: 1,37 1,29 1,33

/proc/meminfo:
MemTotal:       16124804 kB
MemFree:         7542444 kB
MemAvailable:   11093028 kB
Buffers:          241192 kB
Cached:          3998244 kB
SwapCached:            0 kB
Active:          1892360 kB
Inactive:        5931868 kB
Active(anon):      14832 kB
Inactive(anon):  4065928 kB
Active(file):    1877528 kB
Inactive(file):  1865940 kB
Unevictable:      383000 kB
Mlocked:              92 kB
SwapTotal:             0 kB
SwapFree:              0 kB
Dirty:               560 kB
Writeback:             0 kB
AnonPages:       3967904 kB
Mapped:          1164292 kB
Shmem:            495968 kB
KReclaimable:     124788 kB
Slab:             233316 kB
SReclaimable:     124788 kB
SUnreclaim:       108528 kB
KernelStack:       15572 kB
PageTables:        34208 kB
NFS_Unstable:          0 kB
Bounce:                0 kB
WritebackTmp:          0 kB
CommitLimit:     8062400 kB
Committed_AS:    9819188 kB
VmallocTotal:   34359738367 kB
VmallocUsed:       63268 kB
VmallocChunk:          0 kB
Percpu:             6368 kB
HardwareCorrupted:     0 kB
AnonHugePages:         0 kB
ShmemHugePages:        0 kB
ShmemPmdMapped:        0 kB
FileHugePages:         0 kB
FilePmdMapped:         0 kB
CmaTotal:              0 kB
CmaFree:               0 kB
HugePages_Total:       0
HugePages_Free:        0
HugePages_Rsvd:        0
HugePages_Surp:        0
Hugepagesize:       2048 kB
Hugetlb:               0 kB
DirectMap4k:      364728 kB
DirectMap2M:    11952128 kB
DirectMap1G:     4194304 kB

/sys/kernel/mm/transparent_hugepage/enabled: always [madvise] never
/sys/kernel/mm/transparent_hugepage/defrag (defrag/compaction efforts parameter): always defer defer+madvise [madvise] never

Process Memory:
Virtual Size: 6929220K (peak: 6990796K)
Resident Set Size: 43496K (peak: 43496K) (anon: 16004K, file: 27460K, shmem: 32K)
Swapped out: 0K
C-Heap outstanding allocations: 2941K

/proc/sys/kernel/threads-max (system-wide limit on the number of threads): 125776
/proc/sys/vm/max_map_count (maximum number of memory map areas a process may have): 65530
/proc/sys/kernel/pid_max (system-wide limit on number of process identifiers): 4194304

container (cgroup) information:
container_type: cgroupv2
cpu_cpuset_cpus: not supported
cpu_memory_nodes: not supported
active_processor_count: 8
cpu_quota: not supported
cpu_period: not supported
cpu_shares: not supported
memory_limit_in_bytes: unlimited
memory_and_swap_limit_in_bytes: unlimited
memory_soft_limit_in_bytes: unlimited
memory_usage_in_bytes: 5413064704
memory_max_usage_in_bytes: not supported

Steal ticks since vm start: 0
Steal ticks percentage since vm start:  0,000

CPU: total 8 (initial active 8) (4 cores per cpu, 2 threads per core) family 6 model 142 stepping 12 microcode 0xec, cx8, cmov, fxsr, ht, mmx, 3dnowpref, sse, sse2, sse3, ssse3, sse4.1, sse4.2, popcnt, lzcnt, tsc, tscinvbit, avx, avx2, aes, erms, clmul, bmi1, bmi2, adx, fma, vzeroupper, clflush, clflushopt
CPU Model and flags from /proc/cpuinfo:
model name	: Intel(R) Core(TM) i5-10210U CPU @ 1.60GHz
flags		: fpu vme de pse tsc msr pae mce cx8 apic sep mtrr pge mca cmov pat pse36 clflush dts acpi mmx fxsr sse sse2 ss ht tm pbe syscall nx pdpe1gb rdtscp lm constant_tsc art arch_perfmon pebs bts rep_good nopl xtopology nonstop_tsc cpuid aperfmperf pni pclmulqdq dtes64 monitor ds_cpl vmx est tm2 ssse3 sdbg fma cx16 xtpr pdcm pcid sse4_1 sse4_2 x2apic movbe popcnt tsc_deadline_timer aes xsave avx f16c rdrand lahf_lm abm 3dnowprefetch cpuid_fault epb invpcid_single ssbd ibrs ibpb stibp ibrs_enhanced tpr_shadow vnmi flexpriority ept vpid ept_ad fsgsbase tsc_adjust sgx bmi1 avx2 smep bmi2 erms invpcid mpx rdseed adx smap clflushopt intel_pt xsaveopt xsavec xgetbv1 xsaves dtherm ida arat pln pts hwp hwp_notify hwp_act_window hwp_epp md_clear flush_l1d arch_capabilities

Online cpus: 0-7
Offline cpus: 
BIOS frequency limitation: <Not Available>
Frequency switch latency (ns): 0
Available cpu frequencies: <Not Available>
Current governor: powersave
Core performance/turbo boost: <Not Available>

Memory: 4k page, physical 16124804k(7542444k free), swap 0k(0k free)

vm_info: OpenJDK 64-Bit Server VM (16.0.2+7) for linux-amd64 JRE (16.0.2+7), built on Jul 22 2021 01:08:17 by "jenkins" with gcc 7.3.1 20180303 (Red Hat 7.3.1-5)

END.
